[INFO] 2019-08-30 18:14:55,846 VbnTest main - Start: 2019-08-30 18:14:55.844
[INFO] 2019-08-30 18:17:13,306 VbnTest main - Start: 2019-08-30 18:17:13.305
[INFO] 2019-08-30 18:17:21,364 com.ecorau.vbn.m3ua.M3uaSender send - M3UA message to send hex: 01000101000000a40210009900000d0e000005290303030f0981030e190b12920011044889203024070b12920011044889200036016b6469490410067d506b2a2828060700118605010101a01d611b80020780a109060704000001003201a203020100a305a1030201006c35a133020180020114302ba00a040884104833522701f9aa1d301b0604040001020a0100a11080010f8101088208546430497c069d20000000
[INFO] 2019-08-30 18:17:21,386 com.ecorau.vbn.sctp.channelhandler.ChannelHandlerBase sendMessage - Client not ready!!!
[INFO] 2019-08-30 18:17:21,389 com.ecorau.vbn.queue.Consumer process - End: 2019-08-30 18:17:21.388
[INFO] 2019-08-30 18:19:14,208 VbnTest main - Start: 2019-08-30 18:19:14.207
[INFO] 2019-08-30 18:19:14,456 com.ecorau.vbn.queue.Consumer run - Thread[pool-1-thread-1,5,main]
[INFO] 2019-08-30 18:19:14,903 com.ecorau.vbn.m3ua.M3uaSender send - M3UA message to send hex: 01000101000000a40210009900000d0e000005290303030f0981030e190b12920011044889203024070b12920011044889200036016b6469490410067d506b2a2828060700118605010101a01d611b80020780a109060704000001003201a203020100a305a1030201006c35a133020180020114302ba00a040884104833522701f9aa1d301b0604040001020a0100a11080010f8101088208546430497c069d20000000
[INFO] 2019-08-30 18:19:14,920 com.ecorau.vbn.sctp.channelhandler.ChannelHandlerBase sendMessage - Client not ready!!!
[INFO] 2019-08-30 18:19:14,921 com.ecorau.vbn.queue.Consumer process - End: 2019-08-30 18:19:14.921
[INFO] 2019-08-30 18:22:38,115 VbnTest main - Start: 2019-08-30 18:22:38.114
[INFO] 2019-08-30 18:23:26,887 VbnTest main - Start: 2019-08-30 18:23:26.885
[INFO] 2019-08-30 18:26:20,906 VbnTest main - Start: 2019-08-30 18:26:20.905
[INFO] 2019-08-30 18:26:36,429 VbnTest main - Start: 2019-08-30 18:26:36.428
[INFO] 2019-08-30 18:28:07,596 VbnTest main - Start: 2019-08-30 18:28:07.594
[INFO] 2019-08-30 18:29:53,889 VbnTest main - Start: 2019-08-30 18:29:53.888
[INFO] 2019-08-30 19:38:10,941 VbnTest main - Start: 2019-08-30 19:38:10.939
[INFO] 2019-08-30 19:42:09,800 VbnTest main - Start: 2019-08-30 19:42:09.798
[INFO] 2019-08-30 19:42:14,581 com.ecorau.vbn.m3ua.M3uaSender send - M3UA message to send hex: 01000101000000a40210009900000d0e000005290303030f0981030e190b12920011044889203024070b12920011044889200036016b6469490410067d506b2a2828060700118605010101a01d611b80020780a109060704000001003201a203020100a305a1030201006c35a133020180020114302ba00a040884104833522701f9aa1d301b0604040001020a0100a11080010f8101088208546430497c069d20000000
[INFO] 2019-08-30 19:42:14,593 com.ecorau.vbn.sctp.channelhandler.ChannelHandlerBase sendMessage - Client not ready!!!
[INFO] 2019-08-30 19:42:14,594 com.ecorau.vbn.queue.Consumer process - End: 2019-08-30 19:42:14.594
[INFO] 2019-08-30 22:37:44,116 VbnTest main - Start: 2019-08-30 22:37:44.115
[INFO] 2019-08-30 22:38:10,237 VbnTest main - Start: 2019-08-30 22:38:10.234
[INFO] 2019-08-30 22:38:11,524 com.ecorau.vbn.m3ua.M3uaSender send - M3UA message to send hex: 01000101000000a40210009900000d0e000005290303030f0981030e190b12920011044889203024070b12920011044889200036016b6469490410067d506b2a2828060700118605010101a01d611b80020780a109060704000001003201a203020100a305a1030201006c35a133020180020114302ba00a040884104833522701f9aa1d301b0604040001020a0100a11080010f8101088208546430497c069d20000000
[INFO] 2019-08-30 22:38:11,565 com.ecorau.vbn.sctp.channelhandler.ChannelHandlerBase sendMessage - Client not ready!!!
[INFO] 2019-08-30 22:38:11,566 com.ecorau.vbn.queue.Consumer process - End: 2019-08-30 22:38:11.565
[INFO] 2019-08-30 22:39:06,158 VbnTest1 main - Start: 2019-08-30 22:39:06.157
[INFO] 2019-08-30 22:39:29,190 VbnTest main - Start: 2019-08-30 22:39:29.189
[INFO] 2019-08-30 22:39:31,139 com.ecorau.vbn.m3ua.M3uaSender send - M3UA message to send hex: 01000101000000a40210009900000d0e000005290303030f0981030e190b12920011044889203024070b12920011044889200036016b6469490410067d506b2a2828060700118605010101a01d611b80020780a109060704000001003201a203020100a305a1030201006c35a133020180020114302ba00a040884104833522701f9aa1d301b0604040001020a0100a11080010f8101088208546430497c069d20000000
[INFO] 2019-08-30 22:39:31,152 com.ecorau.vbn.sctp.channelhandler.ChannelHandlerBase sendMessage - Client not ready!!!
[INFO] 2019-08-30 22:39:31,153 com.ecorau.vbn.queue.Consumer process - End: 2019-08-30 22:39:31.153
