[INFO] 2019-08-15 09:42:41,590 com.ecorau.vbn.cap.response.CapConnectMessageHandler send - TCapSender send message: org.restcomm.protocols.ss7.tcap.asn.TCEndMessageImpl@5056dfcb
[INFO] 2019-08-15 09:42:41,600 com.ecorau.vbn.tcap.TcapEndMessageHandler send - SccpSender send: Sccp Msg [Type=-1 networkId=0 sls=13 incomingOpc=-1 incomingDpc=-1 outgoingDpc=-1 CallingAddress(pc=0,ssn=146,AI=18,gt=GlobalTitle0100Impl [digits=84980200631, natureOfAddress=INTERNATIONAL, numberingPlan=ISDN_TELEPHONY, translationType=0, encodingScheme=BCDOddEncodingScheme[type=BCD_ODD, code=1]]) CalledParty(pc=0,ssn=146,AI=18,gt=GlobalTitle0100Impl [digits=84980203427, natureOfAddress=INTERNATIONAL, numberingPlan=ISDN_TELEPHONY, translationType=0, encodingScheme=BCDOddEncodingScheme[type=BCD_ODD, code=1]]) DataLen=106]
[INFO] 2019-08-15 09:42:41,623 com.ecorau.vbn.sccp.SccpSender send - M3UA sender send message: TransferMessage: {528=Protocol opc=3342 dpc=1321 si=3 ni=3 sls=13}
[INFO] 2019-08-15 09:42:41,631 com.ecorau.vbn.m3ua.M3uaSender send - M3UA message to send hex: 01000101000000a00210009800000d0e000005290303030d0981030e190b12920011044889203024070b12920011044889200036016a646849041005a83f6b2a2828060700118605010101a01d611b80020780a109060704000001003201a203020100a305a1030201006c34a132020180020114302aa00a040884104833385376f0aa1c301a0604040001020a0100a10f80010f8101078207d674994e2fb301
[INFO] 2019-08-15 09:42:41,635 com.ecorau.vbn.sctp.channelhandler.ChannelHandlerBase sendMessage - Client not ready!!!
[INFO] 2019-08-15 10:32:00,104 com.ecorau.vbn.cap.response.CapConnectMessageHandler send - TCapSender send message: org.restcomm.protocols.ss7.tcap.asn.TCEndMessageImpl@5056dfcb
[INFO] 2019-08-15 10:32:00,107 com.ecorau.vbn.tcap.TcapEndMessageHandler send - SccpSender send: Sccp Msg [Type=-1 networkId=0 sls=13 incomingOpc=-1 incomingDpc=-1 outgoingDpc=-1 CallingAddress(pc=0,ssn=146,AI=18,gt=GlobalTitle0100Impl [digits=84980200631, natureOfAddress=INTERNATIONAL, numberingPlan=ISDN_TELEPHONY, translationType=0, encodingScheme=BCDOddEncodingScheme[type=BCD_ODD, code=1]]) CalledParty(pc=0,ssn=146,AI=18,gt=GlobalTitle0100Impl [digits=84980203427, natureOfAddress=INTERNATIONAL, numberingPlan=ISDN_TELEPHONY, translationType=0, encodingScheme=BCDOddEncodingScheme[type=BCD_ODD, code=1]]) DataLen=108]
[INFO] 2019-08-15 10:32:00,112 com.ecorau.vbn.sccp.SccpSender send - M3UA sender send message: TransferMessage: {528=Protocol opc=3342 dpc=1321 si=3 ni=3 sls=13}
[INFO] 2019-08-15 10:32:00,120 com.ecorau.vbn.m3ua.M3uaSender send - M3UA message to send hex: 01000101000000a40210009a00000d0e000005290303030d0981030e190b12920011044889203024070b12920011044889200036016c646a49041005a83f6b2a2828060700118605010101a01d611b80020780a109060704000001003201a203020100a305a1030201006c36a134020180020114302ca00a040884104833385376f0aa1e301c0604040001020a0100a11180010f810109820956a1b3551c3ea5c12a0000
[INFO] 2019-08-15 10:32:00,124 com.ecorau.vbn.sctp.channelhandler.ChannelHandlerBase sendMessage - Client not ready!!!
[INFO] 2019-08-15 10:38:50,270 com.ecorau.vbn.cap.response.CapConnectMessageHandler send - TCapSender send message: org.restcomm.protocols.ss7.tcap.asn.TCEndMessageImpl@5056dfcb
[INFO] 2019-08-15 10:38:50,272 com.ecorau.vbn.tcap.TcapEndMessageHandler send - SccpSender send: Sccp Msg [Type=-1 networkId=0 sls=13 incomingOpc=-1 incomingDpc=-1 outgoingDpc=-1 CallingAddress(pc=0,ssn=146,AI=18,gt=GlobalTitle0100Impl [digits=84980200631, natureOfAddress=INTERNATIONAL, numberingPlan=ISDN_TELEPHONY, translationType=0, encodingScheme=BCDOddEncodingScheme[type=BCD_ODD, code=1]]) CalledParty(pc=0,ssn=146,AI=18,gt=GlobalTitle0100Impl [digits=84980203427, natureOfAddress=INTERNATIONAL, numberingPlan=ISDN_TELEPHONY, translationType=0, encodingScheme=BCDOddEncodingScheme[type=BCD_ODD, code=1]]) DataLen=108]
[INFO] 2019-08-15 10:38:50,278 com.ecorau.vbn.sccp.SccpSender send - M3UA sender send message: TransferMessage: {528=Protocol opc=3342 dpc=1321 si=3 ni=3 sls=13}
[INFO] 2019-08-15 10:38:50,286 com.ecorau.vbn.m3ua.M3uaSender send - M3UA message to send hex: 01000101000000a40210009a00000d0e000005290303030d0981030e190b12920011044889203024070b12920011044889200036016c646a49041005a83f6b2a2828060700118605010101a01d611b80020780a109060704000001003201a203020100a305a1030201006c36a134020100020114302ca00a040884104833385376f0aa1e301c0604040001020a0100a11180010f810109820956a1b3551c3ea5c12a0000
[INFO] 2019-08-15 10:38:50,290 com.ecorau.vbn.sctp.channelhandler.ChannelHandlerBase sendMessage - Client not ready!!!
[INFO] 2019-08-15 10:42:37,736 com.ecorau.vbn.cap.response.CapConnectMessageHandler send - TCapSender send message: org.restcomm.protocols.ss7.tcap.asn.TCEndMessageImpl@5056dfcb
[INFO] 2019-08-15 10:42:37,738 com.ecorau.vbn.tcap.TcapEndMessageHandler send - SccpSender send: Sccp Msg [Type=-1 networkId=0 sls=13 incomingOpc=-1 incomingDpc=-1 outgoingDpc=-1 CallingAddress(pc=0,ssn=146,AI=18,gt=GlobalTitle0100Impl [digits=84980200631, natureOfAddress=INTERNATIONAL, numberingPlan=ISDN_TELEPHONY, translationType=0, encodingScheme=BCDOddEncodingScheme[type=BCD_ODD, code=1]]) CalledParty(pc=0,ssn=146,AI=18,gt=GlobalTitle0100Impl [digits=84980203427, natureOfAddress=INTERNATIONAL, numberingPlan=ISDN_TELEPHONY, translationType=0, encodingScheme=BCDOddEncodingScheme[type=BCD_ODD, code=1]]) DataLen=108]
[INFO] 2019-08-15 10:42:37,744 com.ecorau.vbn.sccp.SccpSender send - M3UA sender send message: TransferMessage: {528=Protocol opc=3342 dpc=1321 si=3 ni=3 sls=13}
[INFO] 2019-08-15 10:42:37,751 com.ecorau.vbn.m3ua.M3uaSender send - M3UA message to send hex: 01000101000000a40210009a00000d0e000005290303030d0981030e190b12920011044889203024070b12920011044889200036016c646a49041005a83f6b2a2828060700118605010101a01d611b80020780a109060704000001003201a203020100a305a1030201006c36a134020180020114302ca00a040884104833385376f0aa1e301c0604040001020a0100a11180010f810109820956a1b3551c3ea5c12a0000
[INFO] 2019-08-15 10:42:37,755 com.ecorau.vbn.sctp.channelhandler.ChannelHandlerBase sendMessage - Client not ready!!!
[INFO] 2019-08-15 16:45:44,635 com.ecorau.vbn.tcap.upperlayer.TcapResponseMessageHandler send - TCapSender send message: org.restcomm.protocols.ss7.tcap.asn.TCEndMessageImpl@5056dfcb
[INFO] 2019-08-15 16:45:44,650 com.ecorau.vbn.tcap.TcapEndMessageHandler send - SccpSender send: Sccp Msg [Type=-1 networkId=0 sls=13 incomingOpc=-1 incomingDpc=-1 outgoingDpc=-1 CallingAddress(pc=0,ssn=146,AI=18,gt=GlobalTitle0100Impl [digits=84980200631, natureOfAddress=INTERNATIONAL, numberingPlan=ISDN_TELEPHONY, translationType=0, encodingScheme=BCDOddEncodingScheme[type=BCD_ODD, code=1]]) CalledParty(pc=0,ssn=146,AI=18,gt=GlobalTitle0100Impl [digits=84980203427, natureOfAddress=INTERNATIONAL, numberingPlan=ISDN_TELEPHONY, translationType=0, encodingScheme=BCDOddEncodingScheme[type=BCD_ODD, code=1]]) DataLen=108]
[INFO] 2019-08-15 16:45:44,680 com.ecorau.vbn.sccp.SccpSender send - M3UA sender send message: TransferMessage: {528=Protocol opc=3342 dpc=1321 si=3 ni=3 sls=13}
[INFO] 2019-08-15 16:45:44,699 com.ecorau.vbn.m3ua.M3uaSender send - M3UA message to send hex: 01000101000000a40210009a00000d0e000005290303030d0981030e190b12920011044889203024070b12920011044889200036016c646a49041005a83f6b2a2828060700118605010101a01d611b80020780a109060704000001003201a203020100a305a1030201006c36a134020180020114302ca00a040884104833385376f0aa1e301c0604040001020a0100a11180010f810109820956a1b3551c3ea5c12a0000
[INFO] 2019-08-15 16:45:44,747 com.ecorau.vbn.sctp.channelhandler.ChannelHandlerBase sendMessage - Client not ready!!!
[INFO] 2019-08-15 16:47:25,421 com.ecorau.vbn.tcap.upperlayer.TcapResponseMessageHandler send - TCapSender send message: org.restcomm.protocols.ss7.tcap.asn.TCEndMessageImpl@39ba5a14
[INFO] 2019-08-15 16:47:25,423 com.ecorau.vbn.tcap.TcapEndMessageHandler send - SccpSender send: Sccp Msg [Type=-1 networkId=0 sls=5 incomingOpc=-1 incomingDpc=-1 outgoingDpc=-1 CallingAddress(pc=0,ssn=6,AI=18,gt=GlobalTitle0100Impl [digits=84980200631, natureOfAddress=INTERNATIONAL, numberingPlan=ISDN_TELEPHONY, translationType=0, encodingScheme=BCDOddEncodingScheme[type=BCD_ODD, code=1]]) CalledParty(pc=0,ssn=7,AI=18,gt=GlobalTitle0100Impl [digits=84980200501, natureOfAddress=INTERNATIONAL, numberingPlan=ISDN_TELEPHONY, translationType=0, encodingScheme=BCDOddEncodingScheme[type=BCD_ODD, code=1]]) DataLen=79]
[INFO] 2019-08-15 16:47:25,430 com.ecorau.vbn.sccp.SccpSender send - M3UA sender send message: TransferMessage: {528=Protocol opc=3342 dpc=1321 si=3 ni=3 sls=5}
[INFO] 2019-08-15 16:47:25,438 com.ecorau.vbn.m3ua.M3uaSender send - M3UA message to send hex: 01000101000000880210007d00000d0e00000529030300050981030e190b12070011044889200005010b12060011044889200036014f644d490429960d246b2a2828060700118605010101a01d611b80020780a109060704000001001302a203020100a305a1030201006c19a217020100301202013c300d04010f04085669657474656c40000000
[INFO] 2019-08-15 16:47:25,442 com.ecorau.vbn.sctp.channelhandler.ChannelHandlerBase sendMessage - Client not ready!!!
